<?xml version="1.0" encoding="UTF-8"?>
<!-- Generated by org.testng.reporters.JUnitXMLReporter -->
<testsuite hostname="DESKTOP-EPR1DQN" ignored="0" name="Default test" tests="2" failures="0" timestamp="15 lip 2019 16:16:58 GMT" time="84.911" errors="0">
  <testcase name="createCatalogItem" time="49.789" classname="projekt.automatyzacja.test.CreateCatalogItemTC"/>
  <testcase name="verifyCreatedCatalogItem" time="0.167" classname="projekt.automatyzacja.test.CreateCatalogItemTC"/>
</testsuite> <!-- Default test -->
